Base path: 'C:/Program Files/Unity/Hub/Editor/2021.3.8f1/Editor/Data', plugins path 'C:/Program Files/Unity/Hub/Editor/2021.3.8f1/Editor/Data/PlaybackEngines'
Cmd: initializeCompiler

Cmd: compileComputeKernel
  insize=24866 file=Assets/Shader/NS.compute kernel=AdvectionCIP cachingPP=1 ppOnly=0 stripLineD=0 buildPlatform=19 km=<UNITY_VERSION=202138> pKW=UNITY_ENABLE_REFLECTION_BUFFERS UNITY_USE_DITHER_MASK_FOR_ALPHABLENDED_SHADOWS UNITY_PBS_USE_BRDF1 UNITY_SPECCUBE_BOX_PROJECTION UNITY_SPECCUBE_BLENDING UNITY_ENABLE_DETAIL_NORMALMAP SHADER_API_DESKTOP UNITY_COLORSPACE_GAMMA UNITY_LIGHT_PROBE_PROXY_VOLUME UNITY_LIGHTMAP_FULL_HDR uKW=SHADER_STAGE_COMPUTE platform=d3d11 flags=0 reqs=16385 forceDXC=0 forceFXC=0  error: 1 plat 4 at NS.compute(421): integer modulus may be much slower, try using uints if possible.
  error: 1 plat 4 at NS.compute(422): integer modulus may be much slower, try using uints if possible.
  error: 1 plat 4 at NS.compute(423): integer modulus may be much slower, try using uints if possible.
  error: 1 plat 4 at NS.compute(501): integer modulus may be much slower, try using uints if possible.
  error: 1 plat 4 at NS.compute(502): integer modulus may be much slower, try using uints if possible.
  error: 1 plat 4 at NS.compute(507): integer divides may be much slower, try using uints if possible.
  error: 1 plat 4 at NS.compute(507): integer modulus may be much slower, try using uints if possible.
  error: 1 plat 4 at NS.compute(508): integer divides may be much slower, try using uints if possible.
  error: 1 plat 4 at NS.compute(508): integer modulus may be much slower, try using uints if possible.
  error: 1 plat 4 at NS.compute(513): integer divides may be much slower, try using uints if possible.
  error: 1 plat 4 at NS.compute(513): integer modulus may be much slower, try using uints if possible.
  error: 1 plat 4 at NS.compute(514): integer divides may be much slower, try using uints if possible.
  error: 1 plat 4 at NS.compute(514): integer modulus may be much slower, try using uints if possible.
  error: 1 plat 4 at NS.compute(572): conversion from larger type to smaller, possible loss of data
  error: 1 plat 4 at NS.compute(610): conversion from larger type to smaller, possible loss of data
  error: 1 plat 4 at NS.compute(820): 'x': loop control variable conflicts with a previous declaration in the outer scope; most recent declaration will be used
 ok=1 outsize=9154

